<?xml version="1.0" encoding="UTF-8"?>
<testsuite name="hello.core.CoreApplicationTests" tests="1" skipped="0" failures="0" errors="0" timestamp="2025-10-19T15:27:56.392Z" hostname="imgyeonglag-ui-MacBookPro.local" time="0.282">
  <properties/>
  <testcase name="contextLoads()" classname="hello.core.CoreApplicationTests" time="0.282"/>
  <system-out><![CDATA[00:27:56.103 [Test worker] INFO org.springframework.test.context.support.AnnotationConfigContextLoaderUtils -- Could not detect default configuration classes for test class [hello.core.CoreApplicationTests]: CoreApplicationTests does not declare any static, non-private, non-final, nested classes annotated with @Configuration.
00:27:56.137 [Test worker] INFO org.springframework.boot.test.context.SpringBootTestContextBootstrapper -- Found @SpringBootConfiguration hello.core.CoreApplication for test class hello.core.CoreApplicationTests

  .   ____          _            __ _ _
 /\\ / ___'_ __ _ _(_)_ __  __ _ \ \ \ \
( ( )\___ | '_ | '_| | '_ \/ _` | \ \ \ \
 \\/  ___)| |_)| | | | | || (_| |  ) ) ) )
  '  |____| .__|_| |_|_| |_\__, | / / / /
 =========|_|==============|___/=/_/_/_/

 :: Spring Boot ::                (v3.5.6)

2025-10-20T00:27:56.264+09:00  INFO 57234 --- [core] [    Test worker] hello.core.CoreApplicationTests          : Starting CoreApplicationTests using Java 17.0.15 with PID 57234 (started by imgyeonglak in /Users/imgyeonglak/Documents/Spring_김영한/core)
2025-10-20T00:27:56.264+09:00  INFO 57234 --- [core] [    Test worker] hello.core.CoreApplicationTests          : No active profile set, falling back to 1 default profile: "default"
2025-10-20T00:27:56.390+09:00  INFO 57234 --- [core] [    Test worker] hello.core.CoreApplicationTests          : Started CoreApplicationTests in 0.209 seconds (process running for 0.554)
]]></system-out>
  <system-err><![CDATA[]]></system-err>
</testsuite>
